<?xml version="1.0" encoding="UTF-8"?>
<testsuite xmlns:xsi="http://www.w3.org/2001/XMLSchema-instance" xsi:noNamespaceSchemaLocation="https://maven.apache.org/surefire/maven-surefire-plugin/xsd/surefire-test-report-3.0.xsd" version="3.0" name="app.controllers.CandidateControllerTest" time="15.487" tests="4" errors="0" skipped="0" failures="0">
  <properties>
[...]
</properties>
  <testcase name="create" classname="app.controllers.CandidateControllerTest" time="0.527">
    <system-out><![CDATA[2025-12-03 09:48:03 [INFO] org.hibernate.Version - HHH000412: Hibernate ORM core version 6.2.4.Final
2025-12-03 09:48:03 [INFO] org.hibernate.cfg.Environment - HHH000406: Using bytecode reflection optimizer
2025-12-03 09:48:04 [WARN] o.hibernate.orm.connections.pooling - HHH10001002: Using built-in connection pool (not intended for production use)
2025-12-03 09:48:04 [INFO] o.hibernate.orm.connections.pooling - HHH10001005: Loaded JDBC driver class: org.testcontainers.jdbc.ContainerDatabaseDriver
2025-12-03 09:48:04 [INFO] o.hibernate.orm.connections.pooling - HHH10001012: Connecting with JDBC URL [jdbc:tc:postgresql:15.3-alpine3.18:///test_db]
2025-12-03 09:48:04 [INFO] o.hibernate.orm.connections.pooling - HHH10001001: Connection properties: {password=****, user=postgres}
2025-12-03 09:48:04 [INFO] o.hibernate.orm.connections.pooling - HHH10001003: Autocommit mode: false
2025-12-03 09:48:04 [INFO] o.hibernate.orm.connections.pooling - HHH10001115: Connection pool size: 20 (min=1)
2025-12-03 09:48:05 [INFO] tc.testcontainers/ryuk:0.12.0 - Creating container for image: testcontainers/ryuk:0.12.0
2025-12-03 09:48:05 [INFO] tc.testcontainers/ryuk:0.12.0 - Container testcontainers/ryuk:0.12.0 is starting: d0215a8a855ef2ac17fd6f59389e9f42fe432e37c6ab38799baad8dc8cac6666
2025-12-03 09:48:06 [INFO] tc.testcontainers/ryuk:0.12.0 - Container testcontainers/ryuk:0.12.0 started in PT1.0928892S
2025-12-03 09:48:06 [INFO] tc.postgres:15.3-alpine3.18 - Creating container for image: postgres:15.3-alpine3.18
2025-12-03 09:48:06 [INFO] tc.postgres:15.3-alpine3.18 - Container postgres:15.3-alpine3.18 is starting: 3940648f81d7471a58059acaa4f92950ae53989f413968036799c96c4c26b16d
2025-12-03 09:48:10 [INFO] tc.postgres:15.3-alpine3.18 - Container postgres:15.3-alpine3.18 started in PT3.9673042S
2025-12-03 09:48:10 [INFO] tc.postgres:15.3-alpine3.18 - Container is started (JDBC URL: jdbc:postgresql://localhost:56183/test?loggerLevel=OFF)
2025-12-03 09:48:11 [INFO] o.h.b.i.BytecodeProviderInitiator - HHH000021: Bytecode provider name : bytebuddy
Hibernate: alter table if exists candidate_skill drop constraint if exists FKijjf42p0sh2c2na28g5aalx2p
2025-12-03 09:48:12 [INFO] o.hibernate.orm.connections.access - HHH10001501: Connection obtained from JdbcConnectionAccess [org.hibernate.engine.jdbc.env.internal.JdbcEnvironmentInitiator$ConnectionProviderJdbcConnectionAccess@46fa2a7e] for (non-JTA) DDL execution was not in auto-commit mode; the Connection 'local transaction' will be committed and the Connection will be set into auto-commit mode.
Hibernate: alter table if exists candidate_skill drop constraint if exists FKb7cxhiqhcah7c20a2cdlvr1f8
2025-12-03 09:48:12 [WARN] o.h.e.jdbc.spi.SqlExceptionHelper - SQL Warning Code: 0, SQLState: 00000
2025-12-03 09:48:12 [WARN] o.h.e.jdbc.spi.SqlExceptionHelper - relation "candidate_skill" does not exist, skipping
2025-12-03 09:48:12 [WARN] o.h.e.jdbc.spi.SqlExceptionHelper - SQL Warning Code: 0, SQLState: 00000
2025-12-03 09:48:12 [WARN] o.h.e.jdbc.spi.SqlExceptionHelper - relation "candidate_skill" does not exist, skipping
Hibernate: alter table if exists user_roles drop constraint if exists FKdcdh0gl1mdce42vy0klyio6fi
2025-12-03 09:48:12 [WARN] o.h.e.jdbc.spi.SqlExceptionHelper - SQL Warning Code: 0, SQLState: 00000
Hibernate: alter table if exists user_roles drop constraint if exists FKscvbq0n9bo03s7w6ujfyrtg4a
2025-12-03 09:48:12 [WARN] o.h.e.jdbc.spi.SqlExceptionHelper - relation "user_roles" does not exist, skipping
Hibernate: drop table if exists candidate cascade
2025-12-03 09:48:12 [WARN] o.h.e.jdbc.spi.SqlExceptionHelper - SQL Warning Code: 0, SQLState: 00000
2025-12-03 09:48:12 [WARN] o.h.e.jdbc.spi.SqlExceptionHelper - relation "user_roles" does not exist, skipping
Hibernate: drop table if exists candidate_skill cascade
2025-12-03 09:48:12 [WARN] o.h.e.jdbc.spi.SqlExceptionHelper - SQL Warning Code: 0, SQLState: 00000
2025-12-03 09:48:12 [WARN] o.h.e.jdbc.spi.SqlExceptionHelper - table "candidate" does not exist, skipping
Hibernate: drop table if exists roles cascade
2025-12-03 09:48:12 [WARN] o.h.e.jdbc.spi.SqlExceptionHelper - SQL Warning Code: 0, SQLState: 00000
2025-12-03 09:48:12 [WARN] o.h.e.jdbc.spi.SqlExceptionHelper - table "candidate_skill" does not exist, skipping
Hibernate: drop table if exists skill cascade
2025-12-03 09:48:12 [WARN] o.h.e.jdbc.spi.SqlExceptionHelper - SQL Warning Code: 0, SQLState: 00000
2025-12-03 09:48:12 [WARN] o.h.e.jdbc.spi.SqlExceptionHelper - table "roles" does not exist, skipping
Hibernate: drop table if exists user_roles cascade
2025-12-03 09:48:12 [WARN] o.h.e.jdbc.spi.SqlExceptionHelper - SQL Warning Code: 0, SQLState: 00000
2025-12-03 09:48:12 [WARN] o.h.e.jdbc.spi.SqlExceptionHelper - table "skill" does not exist, skipping
Hibernate: drop table if exists users cascade
2025-12-03 09:48:12 [WARN] o.h.e.jdbc.spi.SqlExceptionHelper - SQL Warning Code: 0, SQLState: 00000
2025-12-03 09:48:12 [WARN] o.h.e.jdbc.spi.SqlExceptionHelper - table "user_roles" does not exist, skipping
2025-12-03 09:48:12 [WARN] o.h.e.jdbc.spi.SqlExceptionHelper - SQL Warning Code: 0, SQLState: 00000
2025-12-03 09:48:12 [WARN] o.h.e.jdbc.spi.SqlExceptionHelper - table "users" does not exist, skipping
Hibernate: create table candidate (candidate_id serial not null, education varchar(1000), name varchar(255) not null, phone varchar(255), primary key (candidate_id))
2025-12-03 09:48:12 [INFO] o.hibernate.orm.connections.access - HHH10001501: Connection obtained from JdbcConnectionAccess [org.hibernate.engine.jdbc.env.internal.JdbcEnvironmentInitiator$ConnectionProviderJdbcConnectionAccess@28cf179c] for (non-JTA) DDL execution was not in auto-commit mode; the Connection 'local transaction' will be committed and the Connection will be set into auto-commit mode.
Hibernate: create table candidate_skill (candidate_id integer not null, skill_id integer not null, primary key (candidate_id, skill_id))
Hibernate: create table roles (role_name varchar(20) not null, primary key (role_name))
Hibernate: create table skill (skill_id serial not null, description varchar(2000), category varchar(255) not null check (category in ('PROG_LANG','DB','DEVOPS','FRONTEND','TESTING','DATA','FRAMEWORK')), name varchar(255) not null, slug varchar(255) unique, primary key (skill_id), constraint UK5ljf2l2h4odhtxrsuohlro4ir unique (name))
Hibernate: create table user_roles (role_name varchar(20) not null, user_name varchar(25) not null, primary key (role_name, user_name))
Hibernate: create table users (user_name varchar(25) not null, password varchar(255) not null, primary key (user_name))
Hibernate: alter table if exists candidate_skill add constraint FKijjf42p0sh2c2na28g5aalx2p foreign key (candidate_id) references candidate
Hibernate: alter table if exists candidate_skill add constraint FKb7cxhiqhcah7c20a2cdlvr1f8 foreign key (skill_id) references skill
Hibernate: alter table if exists user_roles add constraint FKdcdh0gl1mdce42vy0klyio6fi foreign key (role_name) references roles
Hibernate: alter table if exists user_roles add constraint FKscvbq0n9bo03s7w6ujfyrtg4a foreign key (user_name) references users
Hibernate: delete from candidate_skill
Hibernate: delete from candidate
Hibernate: delete from skill
2025-12-03 09:48:12 [WARN] o.hibernate.orm.connections.pooling - HHH10001002: Using built-in connection pool (not intended for production use)
2025-12-03 09:48:12 [INFO] o.hibernate.orm.connections.pooling - HHH10001005: Loaded JDBC driver class: org.testcontainers.jdbc.ContainerDatabaseDriver
2025-12-03 09:48:12 [INFO] o.hibernate.orm.connections.pooling - HHH10001012: Connecting with JDBC URL [jdbc:tc:postgresql:15.3-alpine3.18:///test_db]
2025-12-03 09:48:12 [INFO] o.hibernate.orm.connections.pooling - HHH10001001: Connection properties: {password=****, user=postgres}
2025-12-03 09:48:12 [INFO] o.hibernate.orm.connections.pooling - HHH10001003: Autocommit mode: false
2025-12-03 09:48:12 [INFO] o.hibernate.orm.connections.pooling - HHH10001115: Connection pool size: 20 (min=1)
2025-12-03 09:48:12 [INFO] o.h.b.i.BytecodeProviderInitiator - HHH000021: Bytecode provider name : bytebuddy
Hibernate: alter table if exists candidate_skill drop constraint if exists FKijjf42p0sh2c2na28g5aalx2p
2025-12-03 09:48:13 [INFO] o.hibernate.orm.connections.access - HHH10001501: Connection obtained from JdbcConnectionAccess [org.hibernate.engine.jdbc.env.internal.JdbcEnvironmentInitiator$ConnectionProviderJdbcConnectionAccess@253b1cbd] for (non-JTA) DDL execution was not in auto-commit mode; the Connection 'local transaction' will be committed and the Connection will be set into auto-commit mode.
Hibernate: alter table if exists candidate_skill drop constraint if exists FKb7cxhiqhcah7c20a2cdlvr1f8
Hibernate: alter table if exists user_roles drop constraint if exists FKdcdh0gl1mdce42vy0klyio6fi
Hibernate: alter table if exists user_roles drop constraint if exists FKscvbq0n9bo03s7w6ujfyrtg4a
Hibernate: drop table if exists candidate cascade
Hibernate: drop table if exists candidate_skill cascade
Hibernate: drop table if exists roles cascade
Hibernate: drop table if exists skill cascade
Hibernate: drop table if exists user_roles cascade
Hibernate: drop table if exists users cascade
Hibernate: create table candidate (candidate_id serial not null, education varchar(1000), name varchar(255) not null, phone varchar(255), primary key (candidate_id))
2025-12-03 09:48:13 [INFO] o.hibernate.orm.connections.access - HHH10001501: Connection obtained from JdbcConnectionAccess [org.hibernate.engine.jdbc.env.internal.JdbcEnvironmentInitiator$ConnectionProviderJdbcConnectionAccess@a859c5] for (non-JTA) DDL execution was not in auto-commit mode; the Connection 'local transaction' will be committed and the Connection will be set into auto-commit mode.
Hibernate: create table candidate_skill (candidate_id integer not null, skill_id integer not null, primary key (candidate_id, skill_id))
Hibernate: create table roles (role_name varchar(20) not null, primary key (role_name))
Hibernate: create table skill (skill_id serial not null, description varchar(2000), category varchar(255) not null check (category in ('PROG_LANG','DB','DEVOPS','FRONTEND','TESTING','DATA','FRAMEWORK')), name varchar(255) not null, slug varchar(255) unique, primary key (skill_id), constraint UK5ljf2l2h4odhtxrsuohlro4ir unique (name))
Hibernate: create table user_roles (role_name varchar(20) not null, user_name varchar(25) not null, primary key (role_name, user_name))
Hibernate: create table users (user_name varchar(25) not null, password varchar(255) not null, primary key (user_name))
Hibernate: alter table if exists candidate_skill add constraint FKijjf42p0sh2c2na28g5aalx2p foreign key (candidate_id) references candidate
Hibernate: alter table if exists candidate_skill add constraint FKb7cxhiqhcah7c20a2cdlvr1f8 foreign key (skill_id) references skill
Hibernate: alter table if exists user_roles add constraint FKdcdh0gl1mdce42vy0klyio6fi foreign key (role_name) references roles
Hibernate: alter table if exists user_roles add constraint FKscvbq0n9bo03s7w6ujfyrtg4a foreign key (user_name) references users
2025-12-03 09:48:13 [INFO] io.javalin.Javalin - JAVALIN HANDLER REGISTRATION DEBUG LOG: GET[/api/v1/candidates]
2025-12-03 09:48:13 [INFO] io.javalin.Javalin - JAVALIN HANDLER REGISTRATION DEBUG LOG: POST[/api/v1/candidates]
2025-12-03 09:48:13 [INFO] io.javalin.Javalin - JAVALIN HANDLER REGISTRATION DEBUG LOG: GET[/api/v1/candidates/{id}]
2025-12-03 09:48:13 [INFO] io.javalin.Javalin - JAVALIN HANDLER REGISTRATION DEBUG LOG: PUT[/api/v1/candidates/{id}]
2025-12-03 09:48:13 [INFO] io.javalin.Javalin - JAVALIN HANDLER REGISTRATION DEBUG LOG: DELETE[/api/v1/candidates/{id}]
2025-12-03 09:48:13 [INFO] io.javalin.Javalin - JAVALIN HANDLER REGISTRATION DEBUG LOG: PUT[/api/v1/candidates/{candidateId}/skills/{skillId}]
2025-12-03 09:48:13 [INFO] io.javalin.Javalin - JAVALIN HANDLER REGISTRATION DEBUG LOG: DELETE[/api/v1/candidates/{candidateId}/skills/{skillId}]
2025-12-03 09:48:13 [INFO] io.javalin.Javalin - JAVALIN HANDLER REGISTRATION DEBUG LOG: GET[/api/v1/reports/candidates/top-by-popularity]
2025-12-03 09:48:13 [INFO] io.javalin.Javalin - JAVALIN HANDLER REGISTRATION DEBUG LOG: POST[/api/v1/auth/login]
2025-12-03 09:48:13 [INFO] io.javalin.Javalin - JAVALIN HANDLER REGISTRATION DEBUG LOG: POST[/api/v1/auth/register]
2025-12-03 09:48:13 [INFO] io.javalin.Javalin - JAVALIN HANDLER REGISTRATION DEBUG LOG: GET[/api/v1/auth/healthcheck]
2025-12-03 09:48:13 [INFO] io.javalin.Javalin - JAVALIN HANDLER REGISTRATION DEBUG LOG: GET[/api/v1/protected/user_demo]
2025-12-03 09:48:13 [INFO] io.javalin.Javalin - JAVALIN HANDLER REGISTRATION DEBUG LOG: GET[/api/v1/protected/admin_demo]
2025-12-03 09:48:13 [INFO] io.javalin.Javalin - JAVALIN HANDLER REGISTRATION DEBUG LOG: GET[/api/v1/routes]
2025-12-03 09:48:13 [INFO] io.javalin.Javalin - JAVALIN HANDLER REGISTRATION DEBUG LOG: BEFORE_MATCHED[*]
2025-12-03 09:48:13 [INFO] io.javalin.Javalin - JAVALIN HANDLER REGISTRATION DEBUG LOG: BEFORE_MATCHED[*]
2025-12-03 09:48:13 [INFO] io.javalin.Javalin - JAVALIN HANDLER REGISTRATION DEBUG LOG: BEFORE[*]
2025-12-03 09:48:13 [INFO] io.javalin.Javalin - JAVALIN HANDLER REGISTRATION DEBUG LOG: OPTIONS[/api/v1/*]
2025-12-03 09:48:13 [INFO] io.javalin.Javalin - JAVALIN HANDLER REGISTRATION DEBUG LOG: BEFORE_MATCHED[*]
2025-12-03 09:48:13 [INFO] io.javalin.Javalin - JAVALIN HANDLER REGISTRATION DEBUG LOG: BEFORE_MATCHED[*]
2025-12-03 09:48:13 [INFO] io.javalin.Javalin - JAVALIN HANDLER REGISTRATION DEBUG LOG: BEFORE[*]
2025-12-03 09:48:13 [INFO] io.javalin.Javalin - Starting Javalin ...
2025-12-03 09:48:13 [INFO] org.eclipse.jetty.server.Server - jetty-11.0.24; built: 2024-08-26T18:11:22.448Z; git: 5dfc59a691b748796f922208956bd1f2794bcd16; jvm 17.0.17+10-LTS
2025-12-03 09:48:13 [INFO] o.e.j.s.s.DefaultSessionIdManager - Session workerName=node0
2025-12-03 09:48:13 [INFO] o.e.j.server.handler.ContextHandler - Started o.e.j.s.ServletContextHandler@452e2210{/api/v1,null,AVAILABLE}
2025-12-03 09:48:13 [INFO] o.e.jetty.server.AbstractConnector - Started ServerConnector@7db2b614{HTTP/1.1, (http/1.1)}{0.0.0.0:7070}
2025-12-03 09:48:13 [INFO] org.eclipse.jetty.server.Server - Started Server@35dc849b{STARTING}[11.0.24,sto=0] @11309ms
2025-12-03 09:48:13 [INFO] io.javalin.Javalin - Javalin started in 276ms \o/
2025-12-03 09:48:13 [INFO] io.javalin.Javalin - Static file handler added: StaticFileConfig(hostedPath=/, directory=/public, location=CLASSPATH, precompress=false, aliasCheck=null, headers={Cache-Control=max-age=0}, skipFileFunction=Function1<jakarta.servlet.http.HttpServletRequest, java.lang.Boolean>, mimeTypes={}). File system location: 'file:///C:/Users/phils/Datamatiker/3.Semester/Backend/Eksamen/EksamenFall2025/ExamFall2025/ExamFall2025/target/classes/public/'
2025-12-03 09:48:13 [INFO] io.javalin.Javalin - Listening on http://localhost:7070/api/v1
2025-12-03 09:48:13 [INFO] io.javalin.Javalin - You are running Javalin 6.4.0 (released December 17, 2024. Your Javalin version is 350 days old. Consider checking for a newer version.).
Hibernate: delete from candidate_skill
Hibernate: delete from candidate
Hibernate: delete from skill
Hibernate: delete from user_roles
Hibernate: delete from roles
Hibernate: delete from user_roles
Hibernate: delete from users
Hibernate: insert into skill (category,description,name,slug) values (?,?,?,?)
Hibernate: insert into skill (category,description,name,slug) values (?,?,?,?)
Hibernate: insert into candidate (education,name,phone) values (?,?,?)
Hibernate: insert into candidate_skill (candidate_id,skill_id) values (?,?)
Hibernate: insert into candidate_skill (candidate_id,skill_id) values (?,?)
Hibernate: insert into roles (role_name) values (?)
Hibernate: insert into roles (role_name) values (?)
Hibernate: insert into users (password,user_name) values (?,?)
Hibernate: insert into users (password,user_name) values (?,?)
Hibernate: select u1_0.user_name,u1_0.password,r1_0.user_name,r1_1.role_name from users u1_0 left join (user_roles r1_0 join roles r1_1 on r1_1.role_name=r1_0.role_name) on u1_0.user_name=r1_0.user_name where u1_0.user_name=?
Hibernate: select r1_0.role_name from roles r1_0 where r1_0.role_name=?
Hibernate: select u1_0.role_name,u1_1.user_name,u1_1.password from user_roles u1_0 join users u1_1 on u1_1.user_name=u1_0.user_name where u1_0.role_name=?
Hibernate: insert into user_roles (user_name,role_name) values (?,?)
Hibernate: select u1_0.user_name,u1_0.password,r1_0.user_name,r1_1.role_name from users u1_0 left join (user_roles r1_0 join roles r1_1 on r1_1.role_name=r1_0.role_name) on u1_0.user_name=r1_0.user_name where u1_0.user_name=?
Hibernate: select r1_0.role_name from roles r1_0 where r1_0.role_name=?
Hibernate: select u1_0.role_name,u1_1.user_name,u1_1.password from user_roles u1_0 join users u1_1 on u1_1.user_name=u1_0.user_name where u1_0.role_name=?
Hibernate: insert into user_roles (user_name,role_name) values (?,?)
Request path: /auth/login/
Header: Accept = */*
Header: Connection = keep-alive
Header: User-Agent = Apache-HttpClient/4.5.13 (Java/17.0.17)
Header: Host = localhost:7070
Header: Accept-Encoding = gzip,deflate
Header: Content-Length = 47
Header: Content-Type = application/json
Hibernate: select u1_0.user_name,u1_0.password,r1_0.user_name,r1_1.role_name from users u1_0 left join (user_roles r1_0 join roles r1_1 on r1_1.role_name=r1_0.role_name) on u1_0.user_name=r1_0.user_name where u1_0.user_name=?
Successfully logged inPhilip
2025-12-03 09:48:16 [INFO] io.javalin.Javalin - JAVALIN REQUEST DEBUG LOG:
Request: POST [/api/v1/auth/login/]
    Matching endpoint-handlers: java.util.stream.ReferencePipeline$3@1f67de15
    Headers: {Accept=*/*, Connection=keep-alive, User-Agent=Apache-HttpClient/4.5.13 (Java/17.0.17), Host=localhost:7070, Accept-Encoding=gzip,deflate, Content-Length=47, Content-Type=application/json}
    Cookies: {}
    Body: {"username": "Philip", "password": "pass12345"}
    QueryString: null
    QueryParams: {}
    FormParams: {}
Response: [200 OK], execution took 232.94 ms
    Headers: {Access-Control-Allow-Origin=*, Access-Control-Allow-Methods=GET, POST, PUT, PATCH, DELETE, OPTIONS, Access-Control-Allow-Credentials=true, Date=Wed, 03 Dec 2025 08:48:15 GMT, Access-Control-Allow-Headers=Content-Type, Authorization, Content-Type=application/json}
    Body is 213 bytes (starts on next line):
    {"token":"eyJhbGciOiJIUzI1NiJ9.eyJpc3MiOiJwaGlsaXAxOTkzIiwic3ViIjoiUGhpbGlwIiwiZXhwIjoxNzY0NzUzNDk2LCJyb2xlcyI6IlVzZXIiLCJ1c2VybmFtZSI6IlBoaWxpcCJ9.6tanAGAmzFWwi-4lQc-uwSFjBgK9PhxYYsHhdhxBec4","username":"Philip"}
----------------------------------------------------------------------------------
Request path: /candidates
Header: Authorization = Bearer eyJhbGciOiJIUzI1NiJ9.eyJpc3MiOiJwaGlsaXAxOTkzIiwic3ViIjoiUGhpbGlwIiwiZXhwIjoxNzY0NzUzNDk2LCJyb2xlcyI6IlVzZXIiLCJ1c2VybmFtZSI6IlBoaWxpcCJ9.6tanAGAmzFWwi-4lQc-uwSFjBgK9PhxYYsHhdhxBec4
Header: Accept = */*
Header: Connection = keep-alive
Header: User-Agent = Apache-HttpClient/4.5.13 (Java/17.0.17)
Header: Host = localhost:7070
Header: Accept-Encoding = gzip,deflate
Header: Content-Length = 91
Header: Content-Type = application/json
Hibernate: insert into candidate (education,name,phone) values (?,?,?)
Hibernate: select c1_0.candidate_id,c2_0.candidate_id,c2_0.skill_id,s1_0.skill_id,s1_0.category,s1_0.description,s1_0.name,s1_0.slug,c1_0.education,c1_0.name,c1_0.phone from candidate c1_0 left join candidate_skill c2_0 on c1_0.candidate_id=c2_0.candidate_id left join skill s1_0 on s1_0.skill_id=c2_0.skill_id where c1_0.candidate_id=?
2025-12-03 09:48:17 [INFO] io.javalin.Javalin - JAVALIN REQUEST DEBUG LOG:
Request: POST [/api/v1/candidates]
    Matching endpoint-handlers: java.util.stream.ReferencePipeline$3@3ef86bd0
    Headers: {Authorization=Bearer eyJhbGciOiJIUzI1NiJ9.eyJpc3MiOiJwaGlsaXAxOTkzIiwic3ViIjoiUGhpbGlwIiwiZXhwIjoxNzY0NzUzNDk2LCJyb2xlcyI6IlVzZXIiLCJ1c2VybmFtZSI6IlBoaWxpcCJ9.6tanAGAmzFWwi-4lQc-uwSFjBgK9PhxYYsHhdhxBec4, Accept=*/*, Connection=keep-alive, User-Agent=Apache-HttpClient/4.5.13 (Java/17.0.17), Host=localhost:7070, Accept-Encoding=gzip,deflate, Content-Length=91, Content-Type=application/json}
    Cookies: {}
    Body: {"name":"Test Candidate","phone":"+45 11 22 33 44","education":"BSc Testing","skillIds":[]}
    QueryString: null
    QueryParams: {}
    FormParams: {}
Response: [201 Created], execution took 279.65 ms
    Headers: {Access-Control-Allow-Origin=*, Access-Control-Allow-Methods=GET, POST, PUT, PATCH, DELETE, OPTIONS, Access-Control-Allow-Credentials=true, Date=Wed, 03 Dec 2025 08:48:17 GMT, Access-Control-Allow-Headers=Content-Type, Authorization, Content-Type=application/json}
    Body is 120 bytes (starts on next line):
    {"id":2,"name":"Test Candidate","phone":"+45 11 22 33 44","education":"BSc Testing","skillIds":[],"enrichedSkills":null}
----------------------------------------------------------------------------------
]]></system-out>
  </testcase>
  <testcase name="delete" classname="app.controllers.CandidateControllerTest" time="0.205">
    <system-out><![CDATA[Request path: /candidates
Header: Authorization = Bearer eyJhbGciOiJIUzI1NiJ9.eyJpc3MiOiJwaGlsaXAxOTkzIiwic3ViIjoiUGhpbGlwIiwiZXhwIjoxNzY0NzUzNDk2LCJyb2xlcyI6IlVzZXIiLCJ1c2VybmFtZSI6IlBoaWxpcCJ9.6tanAGAmzFWwi-4lQc-uwSFjBgK9PhxYYsHhdhxBec4
Header: Accept = */*
Header: Connection = keep-alive
Header: User-Agent = Apache-HttpClient/4.5.13 (Java/17.0.17)
Header: Host = localhost:7070
Header: Accept-Encoding = gzip,deflate
Header: Content-Length = 78
Header: Content-Type = application/json
Hibernate: insert into candidate (education,name,phone) values (?,?,?)
Hibernate: select c1_0.candidate_id,c2_0.candidate_id,c2_0.skill_id,s1_0.skill_id,s1_0.category,s1_0.description,s1_0.name,s1_0.slug,c1_0.education,c1_0.name,c1_0.phone from candidate c1_0 left join candidate_skill c2_0 on c1_0.candidate_id=c2_0.candidate_id left join skill s1_0 on s1_0.skill_id=c2_0.skill_id where c1_0.candidate_id=?
2025-12-03 09:48:17 [INFO] io.javalin.Javalin - JAVALIN REQUEST DEBUG LOG:
Request: POST [/api/v1/candidates]
    Matching endpoint-handlers: java.util.stream.ReferencePipeline$3@c93c1b6
    Headers: {Authorization=Bearer eyJhbGciOiJIUzI1NiJ9.eyJpc3MiOiJwaGlsaXAxOTkzIiwic3ViIjoiUGhpbGlwIiwiZXhwIjoxNzY0NzUzNDk2LCJyb2xlcyI6IlVzZXIiLCJ1c2VybmFtZSI6IlBoaWxpcCJ9.6tanAGAmzFWwi-4lQc-uwSFjBgK9PhxYYsHhdhxBec4, Accept=*/*, Connection=keep-alive, User-Agent=Apache-HttpClient/4.5.13 (Java/17.0.17), Host=localhost:7070, Accept-Encoding=gzip,deflate, Content-Length=78, Content-Type=application/json}
    Cookies: {}
    Body: {"name":"Temp Delete","phone":"+45 90000000","education":"Temp","skillIds":[]}
    QueryString: null
    QueryParams: {}
    FormParams: {}
Response: [201 Created], execution took 17.52 ms
    Headers: {Access-Control-Allow-Origin=*, Access-Control-Allow-Methods=GET, POST, PUT, PATCH, DELETE, OPTIONS, Access-Control-Allow-Credentials=true, Date=Wed, 03 Dec 2025 08:48:17 GMT, Access-Control-Allow-Headers=Content-Type, Authorization, Content-Type=application/json}
    Body is 107 bytes (starts on next line):
    {"id":3,"name":"Temp Delete","phone":"+45 90000000","education":"Temp","skillIds":[],"enrichedSkills":null}
----------------------------------------------------------------------------------
Request path: /candidates/3
Header: Authorization = Bearer eyJhbGciOiJIUzI1NiJ9.eyJpc3MiOiJwaGlsaXAxOTkzIiwic3ViIjoiUGhpbGlwIiwiZXhwIjoxNzY0NzUzNDk2LCJyb2xlcyI6IlVzZXIiLCJ1c2VybmFtZSI6IlBoaWxpcCJ9.6tanAGAmzFWwi-4lQc-uwSFjBgK9PhxYYsHhdhxBec4
Header: Accept = */*
Header: Connection = keep-alive
Header: User-Agent = Apache-HttpClient/4.5.13 (Java/17.0.17)
Header: Host = localhost:7070
Header: Accept-Encoding = gzip,deflate
Hibernate: select c1_0.candidate_id,c1_0.education,c1_0.name,c1_0.phone from candidate c1_0 where c1_0.candidate_id=?
Hibernate: select c1_0.candidate_id,c1_0.skill_id from candidate_skill c1_0 where c1_0.candidate_id=?
Hibernate: delete from candidate where candidate_id=?
2025-12-03 09:48:17 [INFO] io.javalin.Javalin - JAVALIN REQUEST DEBUG LOG:
Request: DELETE [/api/v1/candidates/3]
    Matching endpoint-handlers: java.util.stream.ReferencePipeline$3@473a1e65
    Headers: {Authorization=Bearer eyJhbGciOiJIUzI1NiJ9.eyJpc3MiOiJwaGlsaXAxOTkzIiwic3ViIjoiUGhpbGlwIiwiZXhwIjoxNzY0NzUzNDk2LCJyb2xlcyI6IlVzZXIiLCJ1c2VybmFtZSI6IlBoaWxpcCJ9.6tanAGAmzFWwi-4lQc-uwSFjBgK9PhxYYsHhdhxBec4, Accept=*/*, Connection=keep-alive, User-Agent=Apache-HttpClient/4.5.13 (Java/17.0.17), Host=localhost:7070, Accept-Encoding=gzip,deflate}
    Cookies: {}
    Body: 
    QueryString: null
    QueryParams: {}
    FormParams: {}
Response: [204 No Content], execution took 51.95 ms
    Headers: {Access-Control-Allow-Origin=*, Access-Control-Allow-Methods=GET, POST, PUT, PATCH, DELETE, OPTIONS, Access-Control-Allow-Credentials=true, Date=Wed, 03 Dec 2025 08:48:17 GMT, Access-Control-Allow-Headers=Content-Type, Authorization, Content-Type=application/json}
    No body was set
----------------------------------------------------------------------------------
]]></system-out>
  </testcase>
  <testcase name="getAll" classname="app.controllers.CandidateControllerTest" time="0.775">
    <system-out><![CDATA[Request path: /candidates
Header: Authorization = Bearer eyJhbGciOiJIUzI1NiJ9.eyJpc3MiOiJwaGlsaXAxOTkzIiwic3ViIjoiUGhpbGlwIiwiZXhwIjoxNzY0NzUzNDk2LCJyb2xlcyI6IlVzZXIiLCJ1c2VybmFtZSI6IlBoaWxpcCJ9.6tanAGAmzFWwi-4lQc-uwSFjBgK9PhxYYsHhdhxBec4
Header: Accept = application/json, application/javascript, text/javascript, text/json
Header: Connection = keep-alive
Header: User-Agent = Apache-HttpClient/4.5.13 (Java/17.0.17)
Header: Host = localhost:7070
Header: Accept-Encoding = gzip,deflate
Hibernate: select distinct c1_0.candidate_id,c2_0.candidate_id,c2_0.skill_id,s1_0.skill_id,s1_0.category,s1_0.description,s1_0.name,s1_0.slug,c1_0.education,c1_0.name,c1_0.phone from candidate c1_0 left join candidate_skill c2_0 on c1_0.candidate_id=c2_0.candidate_id left join skill s1_0 on s1_0.skill_id=c2_0.skill_id
2025-12-03 09:48:18 [INFO] io.javalin.Javalin - JAVALIN REQUEST DEBUG LOG:
Request: GET [/api/v1/candidates]
    Matching endpoint-handlers: java.util.stream.ReferencePipeline$3@37fc563a
    Headers: {Authorization=Bearer eyJhbGciOiJIUzI1NiJ9.eyJpc3MiOiJwaGlsaXAxOTkzIiwic3ViIjoiUGhpbGlwIiwiZXhwIjoxNzY0NzUzNDk2LCJyb2xlcyI6IlVzZXIiLCJ1c2VybmFtZSI6IlBoaWxpcCJ9.6tanAGAmzFWwi-4lQc-uwSFjBgK9PhxYYsHhdhxBec4, Accept=application/json, application/javascript, text/javascript, text/json, Connection=keep-alive, User-Agent=Apache-HttpClient/4.5.13 (Java/17.0.17), Host=localhost:7070, Accept-Encoding=gzip,deflate}
    Cookies: {}
    Body: 
    QueryString: null
    QueryParams: {}
    FormParams: {}
Response: [200 OK], execution took 736.92 ms
    Headers: {Access-Control-Allow-Origin=*, Access-Control-Allow-Methods=GET, POST, PUT, PATCH, DELETE, OPTIONS, Access-Control-Allow-Credentials=true, Date=Wed, 03 Dec 2025 08:48:17 GMT, Access-Control-Allow-Headers=Content-Type, Authorization, Content-Type=application/json}
    Body is 364 bytes (starts on next line):
    [{"id":2,"name":"Test Candidate","phone":"+45 11 22 33 44","education":"BSc Testing","skillIds":[],"enrichedSkills":[]},{"id":1,"name":"Test Candidate","phone":"+45 10000000","education":"MSc Testing","skillIds":[2,1],"enrichedSkills":[{"slug":"postgresql","popularityScore":86,"averageSalary":130000},{"slug":"java","popularityScore":93,"averageSalary":120000}]}]
----------------------------------------------------------------------------------
]]></system-out>
  </testcase>
  <testcase name="getById" classname="app.controllers.CandidateControllerTest" time="0.045">
    <system-out><![CDATA[Request path: /candidates/1
Header: Authorization = Bearer eyJhbGciOiJIUzI1NiJ9.eyJpc3MiOiJwaGlsaXAxOTkzIiwic3ViIjoiUGhpbGlwIiwiZXhwIjoxNzY0NzUzNDk2LCJyb2xlcyI6IlVzZXIiLCJ1c2VybmFtZSI6IlBoaWxpcCJ9.6tanAGAmzFWwi-4lQc-uwSFjBgK9PhxYYsHhdhxBec4
Header: Accept = application/json, application/javascript, text/javascript, text/json
Header: Connection = keep-alive
Header: User-Agent = Apache-HttpClient/4.5.13 (Java/17.0.17)
Header: Host = localhost:7070
Header: Accept-Encoding = gzip,deflate
Hibernate: select c1_0.candidate_id,c2_0.candidate_id,c2_0.skill_id,s1_0.skill_id,s1_0.category,s1_0.description,s1_0.name,s1_0.slug,c1_0.education,c1_0.name,c1_0.phone from candidate c1_0 left join candidate_skill c2_0 on c1_0.candidate_id=c2_0.candidate_id left join skill s1_0 on s1_0.skill_id=c2_0.skill_id where c1_0.candidate_id=?
2025-12-03 09:48:18 [INFO] io.javalin.Javalin - JAVALIN REQUEST DEBUG LOG:
Request: GET [/api/v1/candidates/1]
    Matching endpoint-handlers: java.util.stream.ReferencePipeline$3@7c0de3b3
    Headers: {Authorization=Bearer eyJhbGciOiJIUzI1NiJ9.eyJpc3MiOiJwaGlsaXAxOTkzIiwic3ViIjoiUGhpbGlwIiwiZXhwIjoxNzY0NzUzNDk2LCJyb2xlcyI6IlVzZXIiLCJ1c2VybmFtZSI6IlBoaWxpcCJ9.6tanAGAmzFWwi-4lQc-uwSFjBgK9PhxYYsHhdhxBec4, Accept=application/json, application/javascript, text/javascript, text/json, Connection=keep-alive, User-Agent=Apache-HttpClient/4.5.13 (Java/17.0.17), Host=localhost:7070, Accept-Encoding=gzip,deflate}
    Cookies: {}
    Body: 
    QueryString: null
    QueryParams: {}
    FormParams: {}
Response: [200 OK], execution took 9.75 ms
    Headers: {Access-Control-Allow-Origin=*, Access-Control-Allow-Methods=GET, POST, PUT, PATCH, DELETE, OPTIONS, Access-Control-Allow-Credentials=true, Date=Wed, 03 Dec 2025 08:48:18 GMT, Access-Control-Allow-Headers=Content-Type, Authorization, Content-Type=application/json}
    Body is 120 bytes (starts on next line):
    {"id":1,"name":"Test Candidate","phone":"+45 10000000","education":"MSc Testing","skillIds":[2,1],"enrichedSkills":null}
----------------------------------------------------------------------------------
]]></system-out>
  </testcase>
</testsuite>